Counting objects: 143, done.
Delta compression using up to 6 threads.
Compressing objects: 100% (125/125), done.
Writing objects: 100% (143/143), 29.37 KiB | 5.87 MiB/s, done.
Total 143 (delta 21), reused 0 (delta 0)
remote: Compressing source files... done.
remote: Building source:
remote:
remote:  !     Warning: Multiple default buildpacks reported the ability to handle this app. The first buildpack in the list below will be used.
remote: 			Detected buildpacks: Ruby,Node.js
remote: 			See https://devcenter.heroku.com/articles/buildpacks#buildpack-detect-order
remote: -----> Ruby app detected
remote: -----> Compiling Ruby/Rails
remote: -----> Using Ruby version: ruby-2.6.2
remote: -----> Installing dependencies using bundler 1.15.2
remote:        Running: bundle install --without development:test --path vendor/bundle --binstubs vendor/bundle/bin -j4 --deployment
remote:        The dependency tzinfo-data (>= 0) will be unused by any of the platforms Bundler is installing for. Bundler is installing for ruby but the dependency is only for x86-mingw32, x86-mswin32, x64-mingw32, java. To add those platforms to the bundle, run `bundle lock --add-platform x86-mingw32 x86-mswin32 x64-mingw32 java`.
remote:        Fetching gem metadata from https://rubygems.org/............
remote:        Fetching rake 12.3.2
remote:        Installing rake 12.3.2
remote:        Fetching concurrent-ruby 1.1.5
remote:        Fetching thread_safe 0.3.6
remote:        Fetching minitest 5.11.3
remote:        Installing minitest 5.11.3
remote:        Installing thread_safe 0.3.6
remote:        Installing concurrent-ruby 1.1.5
remote:        Fetching builder 3.2.3
remote:        Installing builder 3.2.3
remote:        Fetching erubi 1.8.0
remote:        Installing erubi 1.8.0
remote:        Fetching mini_portile2 2.4.0
remote:        Fetching crass 1.0.4
remote:        Installing mini_portile2 2.4.0
remote:        Installing crass 1.0.4
remote:        Fetching rack 2.0.7
remote:        Fetching nio4r 2.3.1
remote:        Fetching websocket-extensions 0.1.3
remote:        Installing websocket-extensions 0.1.3
remote:        Installing nio4r 2.3.1 with native extensions
remote:        Installing rack 2.0.7
remote:        Fetching mini_mime 1.0.1
remote:        Installing mini_mime 1.0.1
remote:        Fetching arel 9.0.0
remote:        Installing arel 9.0.0
remote:        Fetching mimemagic 0.3.3
remote:        Installing mimemagic 0.3.3
remote:        Fetching msgpack 1.2.9
remote:        Installing msgpack 1.2.9 with native extensions
remote:        Using bundler 1.17.2
remote:        Fetching coffee-script-source 1.12.2
remote:        Installing coffee-script-source 1.12.2
remote:        Fetching execjs 2.7.0
remote:        Installing execjs 2.7.0
remote:        Fetching method_source 0.9.2
remote:        Installing method_source 0.9.2
remote:        Fetching thor 0.20.3
remote:        Installing thor 0.20.3
remote:        Fetching ffi 1.10.0
remote:        Installing ffi 1.10.0 with native extensions
remote:        Fetching multi_json 1.13.1
remote:        Installing multi_json 1.13.1
remote:        Fetching mysql2 0.5.2
remote:        Installing mysql2 0.5.2 with native extensions
remote:        Fetching pg 1.1.4
remote:        Installing pg 1.1.4 with native extensions
remote:        Fetching puma 3.12.1
remote:        Installing puma 3.12.1 with native extensions
remote:        Fetching rb-fsevent 0.10.3
remote:        Installing rb-fsevent 0.10.3
remote:        Fetching tilt 2.0.9
remote:        Installing tilt 2.0.9
remote:        Fetching turbolinks-source 5.2.0
remote:        Installing turbolinks-source 5.2.0
remote:        Fetching tzinfo 1.2.5
remote:        Installing tzinfo 1.2.5
remote:        Fetching i18n 1.6.0
remote:        Installing i18n 1.6.0
remote:        Fetching nokogiri 1.10.2
remote:        Installing nokogiri 1.10.2 with native extensions
remote:        Fetching websocket-driver 0.7.0
remote:        Installing websocket-driver 0.7.0 with native extensions
remote:        Fetching mail 2.7.1
remote:        Installing mail 2.7.1
remote:        Fetching rack-test 1.1.0
remote:        Installing rack-test 1.1.0
remote:        Fetching sprockets 3.7.2
remote:        Installing sprockets 3.7.2
remote:        Fetching marcel 0.3.3
remote:        Installing marcel 0.3.3
remote:        Fetching coffee-script 2.4.1
remote:        Installing coffee-script 2.4.1
remote:        Fetching uglifier 4.1.20
remote:        Installing uglifier 4.1.20
remote:        Fetching bootsnap 1.4.2
remote:        Installing bootsnap 1.4.2 with native extensions
remote:        Fetching rb-inotify 0.10.0
remote:        Installing rb-inotify 0.10.0
remote:        Fetching turbolinks 5.2.0
remote:        Installing turbolinks 5.2.0
remote:        Fetching activesupport 5.2.3
remote:        Installing activesupport 5.2.3
remote:        Fetching loofah 2.2.3
remote:        Installing loofah 2.2.3
remote:        Fetching sass-listen 4.0.0
remote:        Installing sass-listen 4.0.0
remote:        Fetching rails-dom-testing 2.0.3
remote:        Installing rails-dom-testing 2.0.3
remote:        Fetching globalid 0.4.2
remote:        Fetching activemodel 5.2.3
remote:        Installing globalid 0.4.2
remote:        Installing activemodel 5.2.3
remote:        Fetching jbuilder 2.8.0
remote:        Installing jbuilder 2.8.0
remote:        Fetching rails-html-sanitizer 1.0.4
remote:        Fetching sass 3.7.4
remote:        Installing rails-html-sanitizer 1.0.4
remote:        Fetching activejob 5.2.3
remote:        Installing sass 3.7.4
remote:        Installing activejob 5.2.3
remote:        Fetching activerecord 5.2.3
remote:        Installing activerecord 5.2.3
remote:        Fetching actionview 5.2.3
remote:        Installing actionview 5.2.3
remote:        Fetching actionpack 5.2.3
remote:        Installing actionpack 5.2.3
remote:        Fetching actioncable 5.2.3
remote:        Fetching actionmailer 5.2.3
remote:        Fetching activestorage 5.2.3
remote:        Installing actioncable 5.2.3
remote:        Installing activestorage 5.2.3
remote:        Installing actionmailer 5.2.3
remote:        Fetching railties 5.2.3
remote:        Installing railties 5.2.3
remote:        Fetching sprockets-rails 3.2.1
remote:        Installing sprockets-rails 3.2.1
remote:        Fetching coffee-rails 4.2.2
remote:        Fetching rails 5.2.3
remote:        Fetching sass-rails 5.0.7
remote:        Installing coffee-rails 4.2.2
remote:        Installing rails 5.2.3
remote:        Installing sass-rails 5.0.7
remote:        Bundle complete! 20 Gemfile dependencies, 62 gems now installed.
remote:        Gems in the groups development and test were not installed.
remote:        Bundled gems are installed into `./vendor/bundle`
remote:        Post-install message from i18n:
remote:
remote:        HEADS UP! i18n 1.1 changed fallbacks to exclude default locale.
remote:        But that may break your application.
remote:
remote:        Please check your Rails app for 'config.i18n.fallbacks = true'.
remote:        If you're using I18n (>= 1.1.0) and Rails (< 5.2.2), this should be
remote:        'config.i18n.fallbacks = [I18n.default_locale]'.
remote:        If not, fallbacks will be broken in your app by I18n 1.1.x.
remote:
remote:        For more info see:
remote:        https://github.com/svenfuchs/i18n/releases/tag/v1.1.0
remote:
remote:        Post-install message from sass:
remote:
remote:        Ruby Sass has reached end-of-life and should no longer be used.
remote:
remote:        * If you use Sass as a command-line tool, we recommend using Dart Sass, the new
remote:          primary implementation: https://sass-lang.com/install
remote:
remote:        * If you use Sass as a plug-in for a Ruby web framework, we recommend using the
remote:          sassc gem: https://github.com/sass/sassc-ruby#readme
remote:
remote:        * For more details, please refer to the Sass blog:
remote:          https://sass-lang.com/blog/posts/7828841
remote:
remote:        Removing bundler (1.15.2)
remote:        Bundle completed (49.22s)
remote:        Cleaning up the bundler cache.
remote:        The dependency tzinfo-data (>= 0) will be unused by any of the platforms Bundler is installing for. Bundler is installing for ruby but the dependency is only for x86-mingw32, x86-mswin32, x64-mingw32, java. To add those platforms to the bundle, run `bundle lock --add-platform x86-mingw32 x86-mswin32 x64-mingw32 java`.
remote: -----> Installing node-v10.14.1-linux-x64
remote: -----> Detecting rake tasks
remote: -----> Preparing app for Rails asset pipeline
remote:        Running: rake assets:precompile
remote:        Yarn executable was not detected in the system.
remote:        Download Yarn at https://yarnpkg.com/en/docs/install
remote:        I, [2019-04-07T09:08:42.731161 #1548]  INFO -- : Writing /tmp/build_645048fd2955ad86b9e826206616657f/public/assets/application-5b9a89e2a2a4fd5130145fa31b84267a9d9ec37b48a782dcfd88dbc717e56f66.js
remote:        I, [2019-04-07T09:08:42.731521 #1548]  INFO -- : Writing /tmp/build_645048fd2955ad86b9e826206616657f/public/assets/application-5b9a89e2a2a4fd5130145fa31b84267a9d9ec37b48a782dcfd88dbc717e56f66.js.gz
remote:        I, [2019-04-07T09:08:42.766958 #1548]  INFO -- : Writing /tmp/build_645048fd2955ad86b9e826206616657f/public/assets/application-35729bfbaf9967f119234595ed222f7ab14859f304ab0acc5451afb387f637fa.css
remote:        I, [2019-04-07T09:08:42.767406 #1548]  INFO -- : Writing /tmp/build_645048fd2955ad86b9e826206616657f/public/assets/application-35729bfbaf9967f119234595ed222f7ab14859f304ab0acc5451afb387f637fa.css.gz
remote:        Asset precompilation completed (3.77s)
remote:        Cleaning assets
remote:        Running: rake assets:clean
remote: -----> Detecting rails configuration
remote:
remote: ###### WARNING:
remote:
remote:        Detecting rails configuration failed
remote:        set HEROKU_DEBUG_RAILS_RUNNER=1 to debug
remote:
remote: ###### WARNING:
remote:
remote:        We detected that some binary dependencies required to
remote:        use all the preview features of Active Storage are not
remote:        present on this system.
remote:
remote:        For more information please see:
remote:          https://devcenter.heroku.com/articles/active-storage-on-heroku
remote:
remote:
remote: ###### WARNING:
remote:
remote:        No Procfile detected, using the default web server.
remote:        We recommend explicitly declaring how to boot your server process via a Procfile.
remote:        https://devcenter.heroku.com/articles/ruby-default-web-server
remote:
remote:
remote: -----> Discovering process types
remote:        Procfile declares types     -> (none)
remote:        Default types for buildpack -> console, rake, web
remote:
remote: -----> Compressing...
remote:        Done: 42.5M
remote: -----> Launching...
remote:        Released v6
remote:        https://rails-estudos.herokuapp.com/ deployed to Heroku
remote:
remote: Verifying deploy... done.
To https://git.heroku.com/rails-estudos.git
 * [new branch]      master -> master
git push heroku master  0,10s user 0,06s system 0% cpu 1:13,58 total
