Counting objects: 26, done.
Delta compression using up to 6 threads.
Compressing objects: 100% (24/24), done.
Writing objects: 100% (26/26), 5.55 KiB | 5.55 MiB/s, done.
Total 26 (delta 9), reused 0 (delta 0)
remote: Compressing source files... done.
remote: Building source:
remote:
remote: -----> Ruby app detected
remote: -----> Compiling Ruby/Rails
remote: -----> Using Ruby version: ruby-2.6.2
remote: -----> Installing dependencies using bundler 1.15.2
remote:        Running: bundle install --without development:test --path vendor/bundle --binstubs vendor/bundle/bin -j4 --deployment
remote:        The dependency tzinfo-data (>= 0) will be unused by any of the platforms Bundler is installing for. Bundler is installing for ruby but the dependency is only for x86-mingw32, x86-mswin32, x64-mingw32, java. To add those platforms to the bundle, run `bundle lock --add-platform x86-mingw32 x86-mswin32 x64-mingw32 java`.
remote:        Using rake 12.3.2
remote:        Using concurrent-ruby 1.1.5
remote:        Using i18n 1.6.0
remote:        Using minitest 5.11.3
remote:        Using thread_safe 0.3.6
remote:        Using tzinfo 1.2.5
remote:        Using activesupport 5.2.3
remote:        Using builder 3.2.3
remote:        Using erubi 1.8.0
remote:        Using mini_portile2 2.4.0
remote:        Using nokogiri 1.10.2
remote:        Using rails-dom-testing 2.0.3
remote:        Using crass 1.0.4
remote:        Using loofah 2.2.3
remote:        Using rails-html-sanitizer 1.0.4
remote:        Using actionview 5.2.3
remote:        Using rack 2.0.7
remote:        Using rack-test 1.1.0
remote:        Using actionpack 5.2.3
remote:        Using nio4r 2.3.1
remote:        Using websocket-extensions 0.1.3
remote:        Using websocket-driver 0.7.0
remote:        Using actioncable 5.2.3
remote:        Using globalid 0.4.2
remote:        Using activejob 5.2.3
remote:        Using mini_mime 1.0.1
remote:        Using mail 2.7.1
remote:        Using actionmailer 5.2.3
remote:        Using activemodel 5.2.3
remote:        Using arel 9.0.0
remote:        Using activerecord 5.2.3
remote:        Using mimemagic 0.3.3
remote:        Using marcel 0.3.3
remote:        Using activestorage 5.2.3
remote:        Using msgpack 1.2.9
remote:        Using bootsnap 1.4.2
remote:        Using bundler 1.17.2
remote:        Using coffee-script-source 1.12.2
remote:        Using execjs 2.7.0
remote:        Using coffee-script 2.4.1
remote:        Using method_source 0.9.2
remote:        Using thor 0.20.3
remote:        Using railties 5.2.3
remote:        Using coffee-rails 4.2.2
remote:        Using ffi 1.10.0
remote:        Using multi_json 1.13.1
remote:        Using jbuilder 2.8.0
remote:        Using mysql2 0.5.2
remote:        Using pg 1.1.4
remote:        Using puma 3.12.1
remote:        Using sprockets 3.7.2
remote:        Using sprockets-rails 3.2.1
remote:        Using rails 5.2.3
remote:        Using rb-fsevent 0.10.3
remote:        Using rb-inotify 0.10.0
remote:        Using sass-listen 4.0.0
remote:        Using sass 3.7.4
remote:        Using tilt 2.0.9
remote:        Using sass-rails 5.0.7
remote:        Using turbolinks-source 5.2.0
remote:        Using turbolinks 5.2.0
remote:        Using uglifier 4.1.20
remote:        Bundle complete! 20 Gemfile dependencies, 62 gems now installed.
remote:        Gems in the groups development and test were not installed.
remote:        Bundled gems are installed into `./vendor/bundle`
remote:        Removing bundler (1.15.2)
remote:        Bundle completed (0.48s)
remote:        Cleaning up the bundler cache.
remote:        The dependency tzinfo-data (>= 0) will be unused by any of the platforms Bundler is installing for. Bundler is installing for ruby but the dependency is only for x86-mingw32, x86-mswin32, x64-mingw32, java. To add those platforms to the bundle, run `bundle lock --add-platform x86-mingw32 x86-mswin32 x64-mingw32 java`.
remote: -----> Installing node-v10.14.1-linux-x64
remote: -----> Detecting rake tasks
remote: -----> Preparing app for Rails asset pipeline
remote:        Running: rake assets:precompile
remote:        Yarn executable was not detected in the system.
remote:        Download Yarn at https://yarnpkg.com/en/docs/install
remote:        I, [2019-04-07T10:33:06.650289 #255]  INFO -- : Writing /tmp/build_457721b64db87a1b03eaa6771139ba73/public/assets/application-61b49b9d722c087b2e2f109f0460847b42f654f1c8c4f601bd33e3136ab226d7.js
remote:        I, [2019-04-07T10:33:06.651024 #255]  INFO -- : Writing /tmp/build_457721b64db87a1b03eaa6771139ba73/public/assets/application-61b49b9d722c087b2e2f109f0460847b42f654f1c8c4f601bd33e3136ab226d7.js.gz
remote:        Asset precompilation completed (3.62s)
remote:        Cleaning assets
remote:        Running: rake assets:clean
remote: -----> Detecting rails configuration
remote:
remote: ###### WARNING:
remote:
remote:        You set your `config.active_storage.service` to :local in production.
remote:        If you are uploading files to this app, they will not persist after the app
remote:        is restarted, on one-off dynos, or if the app has multiple dynos.
remote:        Heroku applications have an ephemeral file system. To
remote:        persist uploaded files, please use a service such as S3 and update your Rails
remote:        configuration.
remote:
remote:        For more information can be found in this article:
remote:          https://devcenter.heroku.com/articles/active-storage-on-heroku
remote:
remote:
remote: ###### WARNING:
remote:
remote:        We detected that some binary dependencies required to
remote:        use all the preview features of Active Storage are not
remote:        present on this system.
remote:
remote:        For more information please see:
remote:          https://devcenter.heroku.com/articles/active-storage-on-heroku
remote:
remote:
remote:
remote: -----> Discovering process types
remote:        Procfile declares types     -> web
remote:        Default types for buildpack -> console, rake
remote:
remote: -----> Compressing...
remote:        Done: 43.3M
remote: -----> Launching...
remote:        Released v7
remote:        https://rails-estudos.herokuapp.com/ deployed to Heroku
remote:
remote: Verifying deploy... done.
To https://git.heroku.com/rails-estudos.git
   214973a..4c80496  master -> master
git push heroku  0,05s user 0,03s system 0% cpu 26,976 total
